This is pdfTeX, Version 3.141592653-2.6-1.40.23 (TeX Live 2021/W32TeX) (preloaded format=latex 2022.2.24)  8 JUN 2022 16:55
entering extended mode
 restricted \write18 enabled.
 %&-line parsing enabled.
**\makeatletter\def\HCode{\futurelet\HCode\HChar}\def\HChar{\ifx\HCode\def\HCod
e##1{\Link##1}\expandafter\HCode\else\expandafter\Link\fi}\def\Link#1.a.b.c.{\g
@addto@macro\@documentclasshook{\RequirePackage[#1,html]{tex4ht}}\let\HCode\doc
umentstyle\def\documentstyle{\let\documentstyle\HCode\expandafter\def\csname te
x4ht\endcsname{#1,html}\def\HCode####1{\documentstyle[tex4ht,}\@ifnextchar[{\HC
ode}{\documentstyle[tex4ht]}}}\makeatother\HCode .a.b.c.\input  .\r_brouillon.t
ex

! Emergency stop.
<to be read again> 
                   \global 
<*> ...ht]}}}\makeatother\HCode .a.b.c.\input  .\r
                                                  _brouillon.tex
End of file on the terminal!

 
Here is how much of TeX's memory you used:
 18 strings out of 478279
 375 string characters out of 5850572
 289335 words of memory out of 5000000
 18326 multiletter control sequences out of 15000+600000
 469259 words of font info for 28 fonts, out of 8000000 for 9000
 1141 hyphenation exceptions out of 8191
 12i,0n,12p,505b,10s stack positions out of 5000i,500n,10000p,200000b,80000s
No pages of output.
